2025-06-03 17:53:44,782 [INFO] [Pï¿½gina 1] site:amazon.es "asus rog zephyrus" (EUR OR ï¿½ OR precio)
2025-06-03 17:53:48,631 [INFO] [Sin modal de cookies o ya aceptado]
2025-06-03 17:53:48,693 [INFO] [Resultados encontrados] 10
2025-06-03 17:53:49,694 [INFO] [Pï¿½gina 2] site:amazon.es "asus rog zephyrus" (EUR OR ï¿½ OR precio)
2025-06-03 17:53:53,148 [INFO] [Sin modal de cookies o ya aceptado]
2025-06-03 17:53:53,197 [INFO] [Resultados encontrados] 10
2025-06-03 17:53:54,198 [INFO] [Pï¿½gina 3] site:amazon.es "asus rog zephyrus" (EUR OR ï¿½ OR precio)
2025-06-03 17:53:57,796 [INFO] [Sin modal de cookies o ya aceptado]
2025-06-03 17:53:57,847 [INFO] [Resultados encontrados] 10
2025-06-03 18:01:01,060 [INFO] [Pï¿½gina 1] site:aliexpress.com "asus rog zephyrus" (EUR OR ï¿½ OR precio)
2025-06-03 18:01:05,447 [INFO] [Sin modal de cookies o ya aceptado]
2025-06-03 18:01:05,450 [INFO] [Resultados encontrados] 0
2025-06-03 18:01:06,451 [INFO] [Pï¿½gina 2] site:aliexpress.com "asus rog zephyrus" (EUR OR ï¿½ OR precio)
2025-06-03 18:01:10,224 [INFO] [Sin modal de cookies o ya aceptado]
2025-06-03 18:01:10,227 [INFO] [Resultados encontrados] 0
2025-06-03 18:01:11,228 [INFO] [Pï¿½gina 3] site:aliexpress.com "asus rog zephyrus" (EUR OR ï¿½ OR precio)
2025-06-03 18:01:15,146 [INFO] [Sin modal de cookies o ya aceptado]
2025-06-03 18:01:15,149 [INFO] [Resultados encontrados] 0
2025-06-03 18:01:40,916 [INFO] [Pï¿½gina 1] site:amazon.es "asus rog zephyrus" (EUR OR ï¿½ OR precio)
2025-06-03 18:01:45,430 [INFO] [Sin modal de cookies o ya aceptado]
2025-06-03 18:01:45,433 [INFO] [Resultados encontrados] 0
2025-06-03 18:01:46,434 [INFO] [Pï¿½gina 2] site:amazon.es "asus rog zephyrus" (EUR OR ï¿½ OR precio)
2025-06-03 18:01:50,118 [INFO] [Sin modal de cookies o ya aceptado]
2025-06-03 18:01:50,121 [INFO] [Resultados encontrados] 0
2025-06-03 18:01:51,122 [INFO] [Pï¿½gina 3] site:amazon.es "asus rog zephyrus" (EUR OR ï¿½ OR precio)
2025-06-03 18:01:54,928 [INFO] [Sin modal de cookies o ya aceptado]
2025-06-03 18:01:54,931 [INFO] [Resultados encontrados] 0
2025-06-04 12:26:21,784 [INFO] [Pï¿½gina 1] site:amazon.es "asus rog zephyrus" (EUR OR ï¿½ OR precio)
2025-06-04 12:26:26,049 [INFO] [Sin modal de cookies o ya aceptado]
2025-06-04 12:26:26,052 [INFO] [Resultados encontrados] 0
2025-06-04 12:26:27,054 [INFO] [Pï¿½gina 2] site:amazon.es "asus rog zephyrus" (EUR OR ï¿½ OR precio)
2025-06-04 12:26:30,669 [INFO] [Sin modal de cookies o ya aceptado]
2025-06-04 12:26:30,672 [INFO] [Resultados encontrados] 0
2025-06-04 12:26:31,673 [INFO] [Pï¿½gina 3] site:amazon.es "asus rog zephyrus" (EUR OR ï¿½ OR precio)
2025-06-04 12:26:35,458 [INFO] [Sin modal de cookies o ya aceptado]
2025-06-04 12:26:35,460 [INFO] [Resultados encontrados] 0
2025-06-04 12:28:46,146 [INFO] [Página 1] site:amazon.es "iphone 16" (EUR OR € OR precio)
2025-06-04 12:28:50,378 [INFO] [Sin modal de cookies o ya aceptado]
2025-06-04 12:28:50,381 [INFO] [Resultados encontrados] 0
2025-06-04 12:28:51,382 [INFO] [Página 2] site:amazon.es "iphone 16" (EUR OR € OR precio)
2025-06-04 12:28:55,030 [INFO] [Sin modal de cookies o ya aceptado]
2025-06-04 12:28:55,033 [INFO] [Resultados encontrados] 0
2025-06-04 12:28:56,033 [INFO] [Página 3] site:amazon.es "iphone 16" (EUR OR € OR precio)
2025-06-04 12:28:59,859 [INFO] [Sin modal de cookies o ya aceptado]
2025-06-04 12:28:59,863 [INFO] [Resultados encontrados] 0
2025-06-04 12:29:59,838 [INFO] [Página 1] site:zalando.es "air force 1" (EUR OR € OR precio)
2025-06-04 12:30:03,861 [INFO] [Sin modal de cookies o ya aceptado]
2025-06-04 12:30:03,865 [INFO] [Resultados encontrados] 0
2025-06-04 12:30:04,866 [INFO] [Página 2] site:zalando.es "air force 1" (EUR OR € OR precio)
2025-06-04 12:30:08,522 [INFO] [Sin modal de cookies o ya aceptado]
2025-06-04 12:30:08,525 [INFO] [Resultados encontrados] 0
2025-06-04 12:30:09,526 [INFO] [Página 3] site:zalando.es "air force 1" (EUR OR € OR precio)
2025-06-04 12:30:13,177 [INFO] [Sin modal de cookies o ya aceptado]
2025-06-04 12:30:13,179 [INFO] [Resultados encontrados] 0
2025-06-04 12:30:44,187 [INFO] [Página 1] site:zalando.es "air force 1" (EUR OR € OR precio)
2025-06-04 12:30:48,177 [INFO] [Sin modal de cookies o ya aceptado]
2025-06-04 12:30:48,192 [INFO] [Resultados encontrados] 0
2025-06-04 12:30:48,192 [WARNING] [DuckDuckGo vacío] Probando con Google como respaldo
2025-06-04 12:30:48,193 [INFO] [Página 1] site:zalando.es "air force 1" (EUR OR € OR precio)
